<testsuites id="" name="" tests="43" failures="43" skipped="0" errors="0" time="5.030311">
<testsuite name="auth.spec.ts" timestamp="2025-07-29T03:15:17.442Z" hostname="chromium" tests="20" failures="20" skipped="0" time="0.041" errors="0">
<testcase name="Authentication E2E Tests › Login Flow › should display login form correctly" classname="auth.spec.ts" time="0.001">
<failure message="auth.spec.ts:9:5 should display login form correctly" type="FAILURE">
<![CDATA[  [chromium] › auth.spec.ts:9:5 › Authentication E2E Tests › Login Flow › should display login form correctly 

    Error: browserType.launch: Executable doesn't exist at /Users/gerardo/Library/Caches/ms-playwright/chromium_headless_shell-1181/chrome-mac/headless_shell
    ╔═════════════════════════════════════════════════════════════════════════╗
    ║ Looks like Playwright Test or Playwright was just installed or updated. ║
    ║ Please run the following command to download new browsers:              ║
    ║                                                                         ║
    ║     npx playwright install                                              ║
    ║                                                                         ║
    ║ <3 Playwright Team                                                      ║
    ╚═════════════════════════════════════════════════════════════════════════╝
]]>
</failure>
</testcase>
<testcase name="Authentication E2E Tests › Login Flow › should show validation errors for empty form" classname="auth.spec.ts" time="0.002">
<failure message="auth.spec.ts:28:5 should show validation errors for empty form" type="FAILURE">
<![CDATA[  [chromium] › auth.spec.ts:28:5 › Authentication E2E Tests › Login Flow › should show validation errors for empty form 

    Error: browserType.launch: Executable doesn't exist at /Users/gerardo/Library/Caches/ms-playwright/chromium_headless_shell-1181/chrome-mac/headless_shell
    ╔═════════════════════════════════════════════════════════════════════════╗
    ║ Looks like Playwright Test or Playwright was just installed or updated. ║
    ║ Please run the following command to download new browsers:              ║
    ║                                                                         ║
    ║     npx playwright install                                              ║
    ║                                                                         ║
    ║ <3 Playwright Team                                                      ║
    ╚═════════════════════════════════════════════════════════════════════════╝
]]>
</failure>
</testcase>
<testcase name="Authentication E2E Tests › Login Flow › should toggle password visibility" classname="auth.spec.ts" time="0.001">
<failure message="auth.spec.ts:42:5 should toggle password visibility" type="FAILURE">
<![CDATA[  [chromium] › auth.spec.ts:42:5 › Authentication E2E Tests › Login Flow › should toggle password visibility 

    Error: browserType.launch: Executable doesn't exist at /Users/gerardo/Library/Caches/ms-playwright/chromium_headless_shell-1181/chrome-mac/headless_shell
    ╔═════════════════════════════════════════════════════════════════════════╗
    ║ Looks like Playwright Test or Playwright was just installed or updated. ║
    ║ Please run the following command to download new browsers:              ║
    ║                                                                         ║
    ║     npx playwright install                                              ║
    ║                                                                         ║
    ║ <3 Playwright Team                                                      ║
    ╚═════════════════════════════════════════════════════════════════════════╝
]]>
</failure>
</testcase>
<testcase name="Authentication E2E Tests › Login Flow › should handle invalid credentials" classname="auth.spec.ts" time="0.002">
<failure message="auth.spec.ts:60:5 should handle invalid credentials" type="FAILURE">
<![CDATA[  [chromium] › auth.spec.ts:60:5 › Authentication E2E Tests › Login Flow › should handle invalid credentials 

    Error: browserType.launch: Executable doesn't exist at /Users/gerardo/Library/Caches/ms-playwright/chromium_headless_shell-1181/chrome-mac/headless_shell
    ╔═════════════════════════════════════════════════════════════════════════╗
    ║ Looks like Playwright Test or Playwright was just installed or updated. ║
    ║ Please run the following command to download new browsers:              ║
    ║                                                                         ║
    ║     npx playwright install                                              ║
    ║                                                                         ║
    ║ <3 Playwright Team                                                      ║
    ╚═════════════════════════════════════════════════════════════════════════╝
]]>
</failure>
</testcase>
<testcase name="Authentication E2E Tests › Login Flow › should show loading state during submission" classname="auth.spec.ts" time="0.001">
<failure message="auth.spec.ts:77:5 should show loading state during submission" type="FAILURE">
<![CDATA[  [chromium] › auth.spec.ts:77:5 › Authentication E2E Tests › Login Flow › should show loading state during submission 

    Error: browserType.launch: Executable doesn't exist at /Users/gerardo/Library/Caches/ms-playwright/chromium_headless_shell-1181/chrome-mac/headless_shell
    ╔═════════════════════════════════════════════════════════════════════════╗
    ║ Looks like Playwright Test or Playwright was just installed or updated. ║
    ║ Please run the following command to download new browsers:              ║
    ║                                                                         ║
    ║     npx playwright install                                              ║
    ║                                                                         ║
    ║ <3 Playwright Team                                                      ║
    ╚═════════════════════════════════════════════════════════════════════════╝
]]>
</failure>
</testcase>
<testcase name="Authentication E2E Tests › Registration Flow › should display registration form correctly" classname="auth.spec.ts" time="0.002">
<failure message="auth.spec.ts:97:5 should display registration form correctly" type="FAILURE">
<![CDATA[  [chromium] › auth.spec.ts:97:5 › Authentication E2E Tests › Registration Flow › should display registration form correctly 

    Error: browserType.launch: Executable doesn't exist at /Users/gerardo/Library/Caches/ms-playwright/chromium_headless_shell-1181/chrome-mac/headless_shell
    ╔═════════════════════════════════════════════════════════════════════════╗
    ║ Looks like Playwright Test or Playwright was just installed or updated. ║
    ║ Please run the following command to download new browsers:              ║
    ║                                                                         ║
    ║     npx playwright install                                              ║
    ║                                                                         ║
    ║ <3 Playwright Team                                                      ║
    ╚═════════════════════════════════════════════════════════════════════════╝
]]>
</failure>
</testcase>
<testcase name="Authentication E2E Tests › Registration Flow › should validate required fields" classname="auth.spec.ts" time="0.001">
<failure message="auth.spec.ts:117:5 should validate required fields" type="FAILURE">
<![CDATA[  [chromium] › auth.spec.ts:117:5 › Authentication E2E Tests › Registration Flow › should validate required fields 

    Error: browserType.launch: Executable doesn't exist at /Users/gerardo/Library/Caches/ms-playwright/chromium_headless_shell-1181/chrome-mac/headless_shell
    ╔═════════════════════════════════════════════════════════════════════════╗
    ║ Looks like Playwright Test or Playwright was just installed or updated. ║
    ║ Please run the following command to download new browsers:              ║
    ║                                                                         ║
    ║     npx playwright install                                              ║
    ║                                                                         ║
    ║ <3 Playwright Team                                                      ║
    ╚═════════════════════════════════════════════════════════════════════════╝
]]>
</failure>
</testcase>
<testcase name="Authentication E2E Tests › Registration Flow › should validate password confirmation" classname="auth.spec.ts" time="0.002">
<failure message="auth.spec.ts:136:5 should validate password confirmation" type="FAILURE">
<![CDATA[  [chromium] › auth.spec.ts:136:5 › Authentication E2E Tests › Registration Flow › should validate password confirmation 

    Error: browserType.launch: Executable doesn't exist at /Users/gerardo/Library/Caches/ms-playwright/chromium_headless_shell-1181/chrome-mac/headless_shell
    ╔═════════════════════════════════════════════════════════════════════════╗
    ║ Looks like Playwright Test or Playwright was just installed or updated. ║
    ║ Please run the following command to download new browsers:              ║
    ║                                                                         ║
    ║     npx playwright install                                              ║
    ║                                                                         ║
    ║ <3 Playwright Team                                                      ║
    ╚═════════════════════════════════════════════════════════════════════════╝
]]>
</failure>
</testcase>
<testcase name="Authentication E2E Tests › Registration Flow › should register creator successfully" classname="auth.spec.ts" time="0.001">
<failure message="auth.spec.ts:153:5 should register creator successfully" type="FAILURE">
<![CDATA[  [chromium] › auth.spec.ts:153:5 › Authentication E2E Tests › Registration Flow › should register creator successfully 

    Error: browserType.launch: Executable doesn't exist at /Users/gerardo/Library/Caches/ms-playwright/chromium_headless_shell-1181/chrome-mac/headless_shell
    ╔═════════════════════════════════════════════════════════════════════════╗
    ║ Looks like Playwright Test or Playwright was just installed or updated. ║
    ║ Please run the following command to download new browsers:              ║
    ║                                                                         ║
    ║     npx playwright install                                              ║
    ║                                                                         ║
    ║ <3 Playwright Team                                                      ║
    ╚═════════════════════════════════════════════════════════════════════════╝
]]>
</failure>
</testcase>
<testcase name="Authentication E2E Tests › Registration Flow › should register business successfully" classname="auth.spec.ts" time="0.001">
<failure message="auth.spec.ts:175:5 should register business successfully" type="FAILURE">
<![CDATA[  [chromium] › auth.spec.ts:175:5 › Authentication E2E Tests › Registration Flow › should register business successfully 

    Error: browserType.launch: Executable doesn't exist at /Users/gerardo/Library/Caches/ms-playwright/chromium_headless_shell-1181/chrome-mac/headless_shell
    ╔═════════════════════════════════════════════════════════════════════════╗
    ║ Looks like Playwright Test or Playwright was just installed or updated. ║
    ║ Please run the following command to download new browsers:              ║
    ║                                                                         ║
    ║     npx playwright install                                              ║
    ║                                                                         ║
    ║ <3 Playwright Team                                                      ║
    ╚═════════════════════════════════════════════════════════════════════════╝
]]>
</failure>
</testcase>
<testcase name="Authentication E2E Tests › Forgot Password Flow › should display forgot password form" classname="auth.spec.ts" time="0.004">
<failure message="auth.spec.ts:194:5 should display forgot password form" type="FAILURE">
<![CDATA[  [chromium] › auth.spec.ts:194:5 › Authentication E2E Tests › Forgot Password Flow › should display forgot password form 

    Error: browserType.launch: Executable doesn't exist at /Users/gerardo/Library/Caches/ms-playwright/chromium_headless_shell-1181/chrome-mac/headless_shell
    ╔═════════════════════════════════════════════════════════════════════════╗
    ║ Looks like Playwright Test or Playwright was just installed or updated. ║
    ║ Please run the following command to download new browsers:              ║
    ║                                                                         ║
    ║     npx playwright install                                              ║
    ║                                                                         ║
    ║ <3 Playwright Team                                                      ║
    ╚═════════════════════════════════════════════════════════════════════════╝
]]>
</failure>
</testcase>
<testcase name="Authentication E2E Tests › Forgot Password Flow › should validate email format" classname="auth.spec.ts" time="0.002">
<failure message="auth.spec.ts:209:5 should validate email format" type="FAILURE">
<![CDATA[  [chromium] › auth.spec.ts:209:5 › Authentication E2E Tests › Forgot Password Flow › should validate email format 

    Error: browserType.launch: Executable doesn't exist at /Users/gerardo/Library/Caches/ms-playwright/chromium_headless_shell-1181/chrome-mac/headless_shell
    ╔═════════════════════════════════════════════════════════════════════════╗
    ║ Looks like Playwright Test or Playwright was just installed or updated. ║
    ║ Please run the following command to download new browsers:              ║
    ║                                                                         ║
    ║     npx playwright install                                              ║
    ║                                                                         ║
    ║ <3 Playwright Team                                                      ║
    ╚═════════════════════════════════════════════════════════════════════════╝
]]>
</failure>
</testcase>
<testcase name="Authentication E2E Tests › Forgot Password Flow › should submit password reset request" classname="auth.spec.ts" time="0.001">
<failure message="auth.spec.ts:222:5 should submit password reset request" type="FAILURE">
<![CDATA[  [chromium] › auth.spec.ts:222:5 › Authentication E2E Tests › Forgot Password Flow › should submit password reset request 

    Error: browserType.launch: Executable doesn't exist at /Users/gerardo/Library/Caches/ms-playwright/chromium_headless_shell-1181/chrome-mac/headless_shell
    ╔═════════════════════════════════════════════════════════════════════════╗
    ║ Looks like Playwright Test or Playwright was just installed or updated. ║
    ║ Please run the following command to download new browsers:              ║
    ║                                                                         ║
    ║     npx playwright install                                              ║
    ║                                                                         ║
    ║ <3 Playwright Team                                                      ║
    ╚═════════════════════════════════════════════════════════════════════════╝
]]>
</failure>
</testcase>
<testcase name="Authentication E2E Tests › Navigation › should navigate between auth pages correctly" classname="auth.spec.ts" time="0.01">
<failure message="auth.spec.ts:238:5 should navigate between auth pages correctly" type="FAILURE">
<![CDATA[  [chromium] › auth.spec.ts:238:5 › Authentication E2E Tests › Navigation › should navigate between auth pages correctly 

    Error: browserType.launch: Executable doesn't exist at /Users/gerardo/Library/Caches/ms-playwright/chromium_headless_shell-1181/chrome-mac/headless_shell
    ╔═════════════════════════════════════════════════════════════════════════╗
    ║ Looks like Playwright Test or Playwright was just installed or updated. ║
    ║ Please run the following command to download new browsers:              ║
    ║                                                                         ║
    ║     npx playwright install                                              ║
    ║                                                                         ║
    ║ <3 Playwright Team                                                      ║
    ╚═════════════════════════════════════════════════════════════════════════╝
]]>
</failure>
</testcase>
<testcase name="Authentication E2E Tests › Navigation › should handle browser back/forward buttons" classname="auth.spec.ts" time="0.001">
<failure message="auth.spec.ts:263:5 should handle browser back/forward buttons" type="FAILURE">
<![CDATA[  [chromium] › auth.spec.ts:263:5 › Authentication E2E Tests › Navigation › should handle browser back/forward buttons 

    Error: browserType.launch: Executable doesn't exist at /Users/gerardo/Library/Caches/ms-playwright/chromium_headless_shell-1181/chrome-mac/headless_shell
    ╔═════════════════════════════════════════════════════════════════════════╗
    ║ Looks like Playwright Test or Playwright was just installed or updated. ║
    ║ Please run the following command to download new browsers:              ║
    ║                                                                         ║
    ║     npx playwright install                                              ║
    ║                                                                         ║
    ║ <3 Playwright Team                                                      ║
    ╚═════════════════════════════════════════════════════════════════════════╝
]]>
</failure>
</testcase>
<testcase name="Authentication E2E Tests › Responsive Design › should display correctly on mobile devices" classname="auth.spec.ts" time="0.001">
<failure message="auth.spec.ts:283:5 should display correctly on mobile devices" type="FAILURE">
<![CDATA[  [chromium] › auth.spec.ts:283:5 › Authentication E2E Tests › Responsive Design › should display correctly on mobile devices 

    Error: browserType.launch: Executable doesn't exist at /Users/gerardo/Library/Caches/ms-playwright/chromium_headless_shell-1181/chrome-mac/headless_shell
    ╔═════════════════════════════════════════════════════════════════════════╗
    ║ Looks like Playwright Test or Playwright was just installed or updated. ║
    ║ Please run the following command to download new browsers:              ║
    ║                                                                         ║
    ║     npx playwright install                                              ║
    ║                                                                         ║
    ║ <3 Playwright Team                                                      ║
    ╚═════════════════════════════════════════════════════════════════════════╝
]]>
</failure>
</testcase>
<testcase name="Authentication E2E Tests › Responsive Design › should display correctly on tablet devices" classname="auth.spec.ts" time="0.003">
<failure message="auth.spec.ts:311:5 should display correctly on tablet devices" type="FAILURE">
<![CDATA[  [chromium] › auth.spec.ts:311:5 › Authentication E2E Tests › Responsive Design › should display correctly on tablet devices 

    Error: browserType.launch: Executable doesn't exist at /Users/gerardo/Library/Caches/ms-playwright/chromium_headless_shell-1181/chrome-mac/headless_shell
    ╔═════════════════════════════════════════════════════════════════════════╗
    ║ Looks like Playwright Test or Playwright was just installed or updated. ║
    ║ Please run the following command to download new browsers:              ║
    ║                                                                         ║
    ║     npx playwright install                                              ║
    ║                                                                         ║
    ║ <3 Playwright Team                                                      ║
    ╚═════════════════════════════════════════════════════════════════════════╝
]]>
</failure>
</testcase>
<testcase name="Authentication E2E Tests › Accessibility › should have proper ARIA attributes" classname="auth.spec.ts" time="0.001">
<failure message="auth.spec.ts:329:5 should have proper ARIA attributes" type="FAILURE">
<![CDATA[  [chromium] › auth.spec.ts:329:5 › Authentication E2E Tests › Accessibility › should have proper ARIA attributes 

    Error: browserType.launch: Executable doesn't exist at /Users/gerardo/Library/Caches/ms-playwright/chromium_headless_shell-1181/chrome-mac/headless_shell
    ╔═════════════════════════════════════════════════════════════════════════╗
    ║ Looks like Playwright Test or Playwright was just installed or updated. ║
    ║ Please run the following command to download new browsers:              ║
    ║                                                                         ║
    ║     npx playwright install                                              ║
    ║                                                                         ║
    ║ <3 Playwright Team                                                      ║
    ╚═════════════════════════════════════════════════════════════════════════╝
]]>
</failure>
</testcase>
<testcase name="Authentication E2E Tests › Accessibility › should support keyboard navigation" classname="auth.spec.ts" time="0.003">
<failure message="auth.spec.ts:344:5 should support keyboard navigation" type="FAILURE">
<![CDATA[  [chromium] › auth.spec.ts:344:5 › Authentication E2E Tests › Accessibility › should support keyboard navigation 

    Error: browserType.launch: Executable doesn't exist at /Users/gerardo/Library/Caches/ms-playwright/chromium_headless_shell-1181/chrome-mac/headless_shell
    ╔═════════════════════════════════════════════════════════════════════════╗
    ║ Looks like Playwright Test or Playwright was just installed or updated. ║
    ║ Please run the following command to download new browsers:              ║
    ║                                                                         ║
    ║     npx playwright install                                              ║
    ║                                                                         ║
    ║ <3 Playwright Team                                                      ║
    ╚═════════════════════════════════════════════════════════════════════════╝
]]>
</failure>
</testcase>
<testcase name="Authentication E2E Tests › Accessibility › should announce errors to screen readers" classname="auth.spec.ts" time="0.001">
<failure message="auth.spec.ts:364:5 should announce errors to screen readers" type="FAILURE">
<![CDATA[  [chromium] › auth.spec.ts:364:5 › Authentication E2E Tests › Accessibility › should announce errors to screen readers 

    Error: browserType.launch: Executable doesn't exist at /Users/gerardo/Library/Caches/ms-playwright/chromium_headless_shell-1181/chrome-mac/headless_shell
    ╔═════════════════════════════════════════════════════════════════════════╗
    ║ Looks like Playwright Test or Playwright was just installed or updated. ║
    ║ Please run the following command to download new browsers:              ║
    ║                                                                         ║
    ║     npx playwright install                                              ║
    ║                                                                         ║
    ║ <3 Playwright Team                                                      ║
    ╚═════════════════════════════════════════════════════════════════════════╝
]]>
</failure>
</testcase>
</testsuite>
<testsuite name="payment-flow.spec.ts" timestamp="2025-07-29T03:15:17.442Z" hostname="chromium" tests="23" failures="23" skipped="0" time="0.031" errors="0">
<testcase name="Payment Flow E2E Tests › Membership Purchase Flow › should display membership plans correctly" classname="payment-flow.spec.ts" time="0.002">
<failure message="payment-flow.spec.ts:22:5 should display membership plans correctly" type="FAILURE">
<![CDATA[  [chromium] › payment-flow.spec.ts:22:5 › Payment Flow E2E Tests › Membership Purchase Flow › should display membership plans correctly 

    Error: browserType.launch: Executable doesn't exist at /Users/gerardo/Library/Caches/ms-playwright/chromium_headless_shell-1181/chrome-mac/headless_shell
    ╔═════════════════════════════════════════════════════════════════════════╗
    ║ Looks like Playwright Test or Playwright was just installed or updated. ║
    ║ Please run the following command to download new browsers:              ║
    ║                                                                         ║
    ║     npx playwright install                                              ║
    ║                                                                         ║
    ║ <3 Playwright Team                                                      ║
    ╚═════════════════════════════════════════════════════════════════════════╝
]]>
</failure>
</testcase>
<testcase name="Payment Flow E2E Tests › Membership Purchase Flow › should initiate Basic membership purchase" classname="payment-flow.spec.ts" time="0.001">
<failure message="payment-flow.spec.ts:40:5 should initiate Basic membership purchase" type="FAILURE">
<![CDATA[  [chromium] › payment-flow.spec.ts:40:5 › Payment Flow E2E Tests › Membership Purchase Flow › should initiate Basic membership purchase 

    Error: browserType.launch: Executable doesn't exist at /Users/gerardo/Library/Caches/ms-playwright/chromium_headless_shell-1181/chrome-mac/headless_shell
    ╔═════════════════════════════════════════════════════════════════════════╗
    ║ Looks like Playwright Test or Playwright was just installed or updated. ║
    ║ Please run the following command to download new browsers:              ║
    ║                                                                         ║
    ║     npx playwright install                                              ║
    ║                                                                         ║
    ║ <3 Playwright Team                                                      ║
    ╚═════════════════════════════════════════════════════════════════════════╝
]]>
</failure>
</testcase>
<testcase name="Payment Flow E2E Tests › Membership Purchase Flow › should initiate Premium membership purchase" classname="payment-flow.spec.ts" time="0.001">
<failure message="payment-flow.spec.ts:56:5 should initiate Premium membership purchase" type="FAILURE">
<![CDATA[  [chromium] › payment-flow.spec.ts:56:5 › Payment Flow E2E Tests › Membership Purchase Flow › should initiate Premium membership purchase 

    Error: browserType.launch: Executable doesn't exist at /Users/gerardo/Library/Caches/ms-playwright/chromium_headless_shell-1181/chrome-mac/headless_shell
    ╔═════════════════════════════════════════════════════════════════════════╗
    ║ Looks like Playwright Test or Playwright was just installed or updated. ║
    ║ Please run the following command to download new browsers:              ║
    ║                                                                         ║
    ║     npx playwright install                                              ║
    ║                                                                         ║
    ║ <3 Playwright Team                                                      ║
    ╚═════════════════════════════════════════════════════════════════════════╝
]]>
</failure>
</testcase>
<testcase name="Payment Flow E2E Tests › Membership Purchase Flow › should initiate VIP membership purchase" classname="payment-flow.spec.ts" time="0.001">
<failure message="payment-flow.spec.ts:72:5 should initiate VIP membership purchase" type="FAILURE">
<![CDATA[  [chromium] › payment-flow.spec.ts:72:5 › Payment Flow E2E Tests › Membership Purchase Flow › should initiate VIP membership purchase 

    Error: browserType.launch: Executable doesn't exist at /Users/gerardo/Library/Caches/ms-playwright/chromium_headless_shell-1181/chrome-mac/headless_shell
    ╔═════════════════════════════════════════════════════════════════════════╗
    ║ Looks like Playwright Test or Playwright was just installed or updated. ║
    ║ Please run the following command to download new browsers:              ║
    ║                                                                         ║
    ║     npx playwright install                                              ║
    ║                                                                         ║
    ║ <3 Playwright Team                                                      ║
    ╚═════════════════════════════════════════════════════════════════════════╝
]]>
</failure>
</testcase>
<testcase name="Payment Flow E2E Tests › Membership Purchase Flow › should display payment details in modal" classname="payment-flow.spec.ts" time="0.001">
<failure message="payment-flow.spec.ts:88:5 should display payment details in modal" type="FAILURE">
<![CDATA[  [chromium] › payment-flow.spec.ts:88:5 › Payment Flow E2E Tests › Membership Purchase Flow › should display payment details in modal 

    Error: browserType.launch: Executable doesn't exist at /Users/gerardo/Library/Caches/ms-playwright/chromium_headless_shell-1181/chrome-mac/headless_shell
    ╔═════════════════════════════════════════════════════════════════════════╗
    ║ Looks like Playwright Test or Playwright was just installed or updated. ║
    ║ Please run the following command to download new browsers:              ║
    ║                                                                         ║
    ║     npx playwright install                                              ║
    ║                                                                         ║
    ║ <3 Playwright Team                                                      ║
    ╚═════════════════════════════════════════════════════════════════════════╝
]]>
</failure>
</testcase>
<testcase name="Payment Flow E2E Tests › Membership Purchase Flow › should cancel payment modal" classname="payment-flow.spec.ts" time="0.001">
<failure message="payment-flow.spec.ts:105:5 should cancel payment modal" type="FAILURE">
<![CDATA[  [chromium] › payment-flow.spec.ts:105:5 › Payment Flow E2E Tests › Membership Purchase Flow › should cancel payment modal 

    Error: browserType.launch: Executable doesn't exist at /Users/gerardo/Library/Caches/ms-playwright/chromium_headless_shell-1181/chrome-mac/headless_shell
    ╔═════════════════════════════════════════════════════════════════════════╗
    ║ Looks like Playwright Test or Playwright was just installed or updated. ║
    ║ Please run the following command to download new browsers:              ║
    ║                                                                         ║
    ║     npx playwright install                                              ║
    ║                                                                         ║
    ║ <3 Playwright Team                                                      ║
    ╚═════════════════════════════════════════════════════════════════════════╝
]]>
</failure>
</testcase>
<testcase name="Payment Flow E2E Tests › Membership Purchase Flow › should redirect to MercadoPago for payment" classname="payment-flow.spec.ts" time="0.001">
<failure message="payment-flow.spec.ts:122:5 should redirect to MercadoPago for payment" type="FAILURE">
<![CDATA[  [chromium] › payment-flow.spec.ts:122:5 › Payment Flow E2E Tests › Membership Purchase Flow › should redirect to MercadoPago for payment 

    Error: browserType.launch: Executable doesn't exist at /Users/gerardo/Library/Caches/ms-playwright/chromium_headless_shell-1181/chrome-mac/headless_shell
    ╔═════════════════════════════════════════════════════════════════════════╗
    ║ Looks like Playwright Test or Playwright was just installed or updated. ║
    ║ Please run the following command to download new browsers:              ║
    ║                                                                         ║
    ║     npx playwright install                                              ║
    ║                                                                         ║
    ║ <3 Playwright Team                                                      ║
    ╚═════════════════════════════════════════════════════════════════════════╝
]]>
</failure>
</testcase>
<testcase name="Payment Flow E2E Tests › Experience Booking Payment › should display experience booking form" classname="payment-flow.spec.ts" time="0.002">
<failure message="payment-flow.spec.ts:142:5 should display experience booking form" type="FAILURE">
<![CDATA[  [chromium] › payment-flow.spec.ts:142:5 › Payment Flow E2E Tests › Experience Booking Payment › should display experience booking form 

    Error: browserType.launch: Executable doesn't exist at /Users/gerardo/Library/Caches/ms-playwright/chromium_headless_shell-1181/chrome-mac/headless_shell
    ╔═════════════════════════════════════════════════════════════════════════╗
    ║ Looks like Playwright Test or Playwright was just installed or updated. ║
    ║ Please run the following command to download new browsers:              ║
    ║                                                                         ║
    ║     npx playwright install                                              ║
    ║                                                                         ║
    ║ <3 Playwright Team                                                      ║
    ╚═════════════════════════════════════════════════════════════════════════╝
]]>
</failure>
</testcase>
<testcase name="Payment Flow E2E Tests › Experience Booking Payment › should calculate total price correctly" classname="payment-flow.spec.ts" time="0.003">
<failure message="payment-flow.spec.ts:158:5 should calculate total price correctly" type="FAILURE">
<![CDATA[  [chromium] › payment-flow.spec.ts:158:5 › Payment Flow E2E Tests › Experience Booking Payment › should calculate total price correctly 

    Error: browserType.launch: Executable doesn't exist at /Users/gerardo/Library/Caches/ms-playwright/chromium_headless_shell-1181/chrome-mac/headless_shell
    ╔═════════════════════════════════════════════════════════════════════════╗
    ║ Looks like Playwright Test or Playwright was just installed or updated. ║
    ║ Please run the following command to download new browsers:              ║
    ║                                                                         ║
    ║     npx playwright install                                              ║
    ║                                                                         ║
    ║ <3 Playwright Team                                                      ║
    ╚═════════════════════════════════════════════════════════════════════════╝
]]>
</failure>
</testcase>
<testcase name="Payment Flow E2E Tests › Experience Booking Payment › should process experience booking payment" classname="payment-flow.spec.ts" time="0.001">
<failure message="payment-flow.spec.ts:175:5 should process experience booking payment" type="FAILURE">
<![CDATA[  [chromium] › payment-flow.spec.ts:175:5 › Payment Flow E2E Tests › Experience Booking Payment › should process experience booking payment 

    Error: browserType.launch: Executable doesn't exist at /Users/gerardo/Library/Caches/ms-playwright/chromium_headless_shell-1181/chrome-mac/headless_shell
    ╔═════════════════════════════════════════════════════════════════════════╗
    ║ Looks like Playwright Test or Playwright was just installed or updated. ║
    ║ Please run the following command to download new browsers:              ║
    ║                                                                         ║
    ║     npx playwright install                                              ║
    ║                                                                         ║
    ║ <3 Playwright Team                                                      ║
    ╚═════════════════════════════════════════════════════════════════════════╝
]]>
</failure>
</testcase>
<testcase name="Payment Flow E2E Tests › Campaign Deposit Payment › should allow business to create campaign with deposit" classname="payment-flow.spec.ts" time="0.001">
<failure message="payment-flow.spec.ts:198:5 should allow business to create campaign with deposit" type="FAILURE">
<![CDATA[  [chromium] › payment-flow.spec.ts:198:5 › Payment Flow E2E Tests › Campaign Deposit Payment › should allow business to create campaign with deposit 

    Error: browserType.launch: Executable doesn't exist at /Users/gerardo/Library/Caches/ms-playwright/chromium_headless_shell-1181/chrome-mac/headless_shell
    ╔═════════════════════════════════════════════════════════════════════════╗
    ║ Looks like Playwright Test or Playwright was just installed or updated. ║
    ║ Please run the following command to download new browsers:              ║
    ║                                                                         ║
    ║     npx playwright install                                              ║
    ║                                                                         ║
    ║ <3 Playwright Team                                                      ║
    ╚═════════════════════════════════════════════════════════════════════════╝
]]>
</failure>
</testcase>
<testcase name="Payment Flow E2E Tests › Campaign Deposit Payment › should process campaign deposit payment" classname="payment-flow.spec.ts" time="0.002">
<failure message="payment-flow.spec.ts:233:5 should process campaign deposit payment" type="FAILURE">
<![CDATA[  [chromium] › payment-flow.spec.ts:233:5 › Payment Flow E2E Tests › Campaign Deposit Payment › should process campaign deposit payment 

    Error: browserType.launch: Executable doesn't exist at /Users/gerardo/Library/Caches/ms-playwright/chromium_headless_shell-1181/chrome-mac/headless_shell
    ╔═════════════════════════════════════════════════════════════════════════╗
    ║ Looks like Playwright Test or Playwright was just installed or updated. ║
    ║ Please run the following command to download new browsers:              ║
    ║                                                                         ║
    ║     npx playwright install                                              ║
    ║                                                                         ║
    ║ <3 Playwright Team                                                      ║
    ╚═════════════════════════════════════════════════════════════════════════╝
]]>
</failure>
</testcase>
<testcase name="Payment Flow E2E Tests › Payment Success Flow › should handle successful payment callback" classname="payment-flow.spec.ts" time="0.001">
<failure message="payment-flow.spec.ts:265:5 should handle successful payment callback" type="FAILURE">
<![CDATA[  [chromium] › payment-flow.spec.ts:265:5 › Payment Flow E2E Tests › Payment Success Flow › should handle successful payment callback 

    Error: browserType.launch: Executable doesn't exist at /Users/gerardo/Library/Caches/ms-playwright/chromium_headless_shell-1181/chrome-mac/headless_shell
    ╔═════════════════════════════════════════════════════════════════════════╗
    ║ Looks like Playwright Test or Playwright was just installed or updated. ║
    ║ Please run the following command to download new browsers:              ║
    ║                                                                         ║
    ║     npx playwright install                                              ║
    ║                                                                         ║
    ║ <3 Playwright Team                                                      ║
    ╚═════════════════════════════════════════════════════════════════════════╝
]]>
</failure>
</testcase>
<testcase name="Payment Flow E2E Tests › Payment Success Flow › should redirect to appropriate page after success" classname="payment-flow.spec.ts" time="0.001">
<failure message="payment-flow.spec.ts:279:5 should redirect to appropriate page after success" type="FAILURE">
<![CDATA[  [chromium] › payment-flow.spec.ts:279:5 › Payment Flow E2E Tests › Payment Success Flow › should redirect to appropriate page after success 

    Error: browserType.launch: Executable doesn't exist at /Users/gerardo/Library/Caches/ms-playwright/chromium_headless_shell-1181/chrome-mac/headless_shell
    ╔═════════════════════════════════════════════════════════════════════════╗
    ║ Looks like Playwright Test or Playwright was just installed or updated. ║
    ║ Please run the following command to download new browsers:              ║
    ║                                                                         ║
    ║     npx playwright install                                              ║
    ║                                                                         ║
    ║ <3 Playwright Team                                                      ║
    ╚═════════════════════════════════════════════════════════════════════════╝
]]>
</failure>
</testcase>
<testcase name="Payment Flow E2E Tests › Payment Failure Flow › should handle failed payment callback" classname="payment-flow.spec.ts" time="0.001">
<failure message="payment-flow.spec.ts:291:5 should handle failed payment callback" type="FAILURE">
<![CDATA[  [chromium] › payment-flow.spec.ts:291:5 › Payment Flow E2E Tests › Payment Failure Flow › should handle failed payment callback 

    Error: browserType.launch: Executable doesn't exist at /Users/gerardo/Library/Caches/ms-playwright/chromium_headless_shell-1181/chrome-mac/headless_shell
    ╔═════════════════════════════════════════════════════════════════════════╗
    ║ Looks like Playwright Test or Playwright was just installed or updated. ║
    ║ Please run the following command to download new browsers:              ║
    ║                                                                         ║
    ║     npx playwright install                                              ║
    ║                                                                         ║
    ║ <3 Playwright Team                                                      ║
    ╚═════════════════════════════════════════════════════════════════════════╝
]]>
</failure>
</testcase>
<testcase name="Payment Flow E2E Tests › Payment Failure Flow › should allow user to retry payment" classname="payment-flow.spec.ts" time="0.001">
<failure message="payment-flow.spec.ts:304:5 should allow user to retry payment" type="FAILURE">
<![CDATA[  [chromium] › payment-flow.spec.ts:304:5 › Payment Flow E2E Tests › Payment Failure Flow › should allow user to retry payment 

    Error: browserType.launch: Executable doesn't exist at /Users/gerardo/Library/Caches/ms-playwright/chromium_headless_shell-1181/chrome-mac/headless_shell
    ╔═════════════════════════════════════════════════════════════════════════╗
    ║ Looks like Playwright Test or Playwright was just installed or updated. ║
    ║ Please run the following command to download new browsers:              ║
    ║                                                                         ║
    ║     npx playwright install                                              ║
    ║                                                                         ║
    ║ <3 Playwright Team                                                      ║
    ╚═════════════════════════════════════════════════════════════════════════╝
]]>
</failure>
</testcase>
<testcase name="Payment Flow E2E Tests › Payment Pending Flow › should handle pending payment callback" classname="payment-flow.spec.ts" time="0.001">
<failure message="payment-flow.spec.ts:316:5 should handle pending payment callback" type="FAILURE">
<![CDATA[  [chromium] › payment-flow.spec.ts:316:5 › Payment Flow E2E Tests › Payment Pending Flow › should handle pending payment callback 

    Error: browserType.launch: Executable doesn't exist at /Users/gerardo/Library/Caches/ms-playwright/chromium_headless_shell-1181/chrome-mac/headless_shell
    ╔═════════════════════════════════════════════════════════════════════════╗
    ║ Looks like Playwright Test or Playwright was just installed or updated. ║
    ║ Please run the following command to download new browsers:              ║
    ║                                                                         ║
    ║     npx playwright install                                              ║
    ║                                                                         ║
    ║ <3 Playwright Team                                                      ║
    ╚═════════════════════════════════════════════════════════════════════════╝
]]>
</failure>
</testcase>
<testcase name="Payment Flow E2E Tests › Payment History › should display payment history" classname="payment-flow.spec.ts" time="0.001">
<failure message="payment-flow.spec.ts:331:5 should display payment history" type="FAILURE">
<![CDATA[  [chromium] › payment-flow.spec.ts:331:5 › Payment Flow E2E Tests › Payment History › should display payment history 

    Error: browserType.launch: Executable doesn't exist at /Users/gerardo/Library/Caches/ms-playwright/chromium_headless_shell-1181/chrome-mac/headless_shell
    ╔═════════════════════════════════════════════════════════════════════════╗
    ║ Looks like Playwright Test or Playwright was just installed or updated. ║
    ║ Please run the following command to download new browsers:              ║
    ║                                                                         ║
    ║     npx playwright install                                              ║
    ║                                                                         ║
    ║ <3 Playwright Team                                                      ║
    ╚═════════════════════════════════════════════════════════════════════════╝
]]>
</failure>
</testcase>
<testcase name="Payment Flow E2E Tests › Payment History › should filter payment history" classname="payment-flow.spec.ts" time="0.002">
<failure message="payment-flow.spec.ts:347:5 should filter payment history" type="FAILURE">
<![CDATA[  [chromium] › payment-flow.spec.ts:347:5 › Payment Flow E2E Tests › Payment History › should filter payment history 

    Error: browserType.launch: Executable doesn't exist at /Users/gerardo/Library/Caches/ms-playwright/chromium_headless_shell-1181/chrome-mac/headless_shell
    ╔═════════════════════════════════════════════════════════════════════════╗
    ║ Looks like Playwright Test or Playwright was just installed or updated. ║
    ║ Please run the following command to download new browsers:              ║
    ║                                                                         ║
    ║     npx playwright install                                              ║
    ║                                                                         ║
    ║ <3 Playwright Team                                                      ║
    ╚═════════════════════════════════════════════════════════════════════════╝
]]>
</failure>
</testcase>
<testcase name="Payment Flow E2E Tests › Payment History › should export payment history" classname="payment-flow.spec.ts" time="0.003">
<failure message="payment-flow.spec.ts:364:5 should export payment history" type="FAILURE">
<![CDATA[  [chromium] › payment-flow.spec.ts:364:5 › Payment Flow E2E Tests › Payment History › should export payment history 

    Error: browserType.launch: Executable doesn't exist at /Users/gerardo/Library/Caches/ms-playwright/chromium_headless_shell-1181/chrome-mac/headless_shell
    ╔═════════════════════════════════════════════════════════════════════════╗
    ║ Looks like Playwright Test or Playwright was just installed or updated. ║
    ║ Please run the following command to download new browsers:              ║
    ║                                                                         ║
    ║     npx playwright install                                              ║
    ║                                                                         ║
    ║ <3 Playwright Team                                                      ║
    ╚═════════════════════════════════════════════════════════════════════════╝
]]>
</failure>
</testcase>
<testcase name="Payment Flow E2E Tests › Mobile Payment Flow › should work correctly on mobile devices" classname="payment-flow.spec.ts" time="0.001">
<failure message="payment-flow.spec.ts:380:5 should work correctly on mobile devices" type="FAILURE">
<![CDATA[  [chromium] › payment-flow.spec.ts:380:5 › Payment Flow E2E Tests › Mobile Payment Flow › should work correctly on mobile devices 

    Error: browserType.launch: Executable doesn't exist at /Users/gerardo/Library/Caches/ms-playwright/chromium_headless_shell-1181/chrome-mac/headless_shell
    ╔═════════════════════════════════════════════════════════════════════════╗
    ║ Looks like Playwright Test or Playwright was just installed or updated. ║
    ║ Please run the following command to download new browsers:              ║
    ║                                                                         ║
    ║     npx playwright install                                              ║
    ║                                                                         ║
    ║ <3 Playwright Team                                                      ║
    ╚═════════════════════════════════════════════════════════════════════════╝
]]>
</failure>
</testcase>
<testcase name="Payment Flow E2E Tests › Error Handling › should handle network errors during payment" classname="payment-flow.spec.ts" time="0.001">
<failure message="payment-flow.spec.ts:403:5 should handle network errors during payment" type="FAILURE">
<![CDATA[  [chromium] › payment-flow.spec.ts:403:5 › Payment Flow E2E Tests › Error Handling › should handle network errors during payment 

    Error: browserType.launch: Executable doesn't exist at /Users/gerardo/Library/Caches/ms-playwright/chromium_headless_shell-1181/chrome-mac/headless_shell
    ╔═════════════════════════════════════════════════════════════════════════╗
    ║ Looks like Playwright Test or Playwright was just installed or updated. ║
    ║ Please run the following command to download new browsers:              ║
    ║                                                                         ║
    ║     npx playwright install                                              ║
    ║                                                                         ║
    ║ <3 Playwright Team                                                      ║
    ╚═════════════════════════════════════════════════════════════════════════╝
]]>
</failure>
</testcase>
<testcase name="Payment Flow E2E Tests › Error Handling › should handle API errors during payment" classname="payment-flow.spec.ts" time="0.001">
<failure message="payment-flow.spec.ts:418:5 should handle API errors during payment" type="FAILURE">
<![CDATA[  [chromium] › payment-flow.spec.ts:418:5 › Payment Flow E2E Tests › Error Handling › should handle API errors during payment 

    Error: browserType.launch: Executable doesn't exist at /Users/gerardo/Library/Caches/ms-playwright/chromium_headless_shell-1181/chrome-mac/headless_shell
    ╔═════════════════════════════════════════════════════════════════════════╗
    ║ Looks like Playwright Test or Playwright was just installed or updated. ║
    ║ Please run the following command to download new browsers:              ║
    ║                                                                         ║
    ║     npx playwright install                                              ║
    ║                                                                         ║
    ║ <3 Playwright Team                                                      ║
    ╚═════════════════════════════════════════════════════════════════════════╝
]]>
</failure>
</testcase>
</testsuite>
</testsuites>